# JRE version: Java(TM) SE Runtime Environment (8.0_74-b02) (build 1.8.0_74-b02)
# Java VM: Java HotSpot(TM) 64-Bit Server VM (25.74-b02 mixed mode windows-amd64 compressed oops)
Heap:
 PSYoungGen      total 329216K, used 253199K [0x00000000eab00000, 0x0000000100000000, 0x0000000100000000)
  eden space 308736K, 82% used [0x00000000eab00000,0x00000000fa243c68,0x00000000fd880000)
  from space 20480K, 0% used [0x00000000fec00000,0x00000000fec00000,0x0000000100000000)
  to   space 19968K, 0% used [0x00000000fd880000,0x00000000fd880000,0x00000000fec00000)
 ParOldGen       total 59904K, used 26331K [0x00000000c0000000, 0x00000000c3a80000, 0x00000000eab00000)
  object space 59904K, 43% used [0x00000000c0000000,0x00000000c19b6c70,0x00000000c3a80000)
 Metaspace       used 61178K, capacity 62774K, committed 64512K, reserved 1105920K
  class space    used 7893K, capacity 8124K, committed 8704K, reserved 1048576K
GC Heap History (10 events):
Event: 5615.722 GC heap before
{Heap before GC invocations=21 (full 5):
 PSYoungGen      total 328192K, used 308623K [0x00000000eab00000, 0x00000000ffe00000, 0x0000000100000000)
  eden space 309248K, 99% used [0x00000000eab00000,0x00000000fd863db8,0x00000000fd900000)
  from space 18944K, 0% used [0x00000000fd900000,0x00000000fd900000,0x00000000feb80000)
  to   space 18944K, 0% used [0x00000000feb80000,0x00000000feb80000,0x00000000ffe00000)
 ParOldGen       total 59904K, used 36558K [0x00000000c0000000, 0x00000000c3a80000, 0x00000000eab00000)
  object space 59904K, 61% used [0x00000000c0000000,0x00000000c23b3858,0x00000000c3a80000)
 Metaspace       used 60827K, capacity 62746K, committed 63744K, reserved 1103872K
  class space    used 7968K, capacity 8315K, committed 8704K, reserved 1048576K
Event: 5615.741 GC heap after
Heap after GC invocations=21 (full 5):
 PSYoungGen      total 327168K, used 14084K [0x00000000eab00000, 0x0000000100000000, 0x0000000100000000)
  eden space 308224K, 0% used [0x00000000eab00000,0x00000000eab00000,0x00000000fd800000)
  from space 18944K, 74% used [0x00000000feb80000,0x00000000ff941048,0x00000000ffe00000)
  to   space 19968K, 0% used [0x00000000fd800000,0x00000000fd800000,0x00000000feb80000)
 ParOldGen       total 59904K, used 36566K [0x00000000c0000000, 0x00000000c3a80000, 0x00000000eab00000)
  object space 59904K, 61% used [0x00000000c0000000,0x00000000c23b5858,0x00000000c3a80000)
 Metaspace       used 60827K, capacity 62746K, committed 63744K, reserved 1103872K
  class space    used 7968K, capacity 8315K, committed 8704K, reserved 1048576K
}
Event: 5637.835 GC heap before
{Heap before GC invocations=22 (full 5):
 PSYoungGen      total 327168K, used 86227K [0x00000000eab00000, 0x0000000100000000, 0x0000000100000000)
  eden space 308224K, 23% used [0x00000000eab00000,0x00000000ef173e38,0x00000000fd800000)
  from space 18944K, 74% used [0x00000000feb80000,0x00000000ff941048,0x00000000ffe00000)
  to   space 19968K, 0% used [0x00000000fd800000,0x00000000fd800000,0x00000000feb80000)
 ParOldGen       total 59904K, used 36566K [0x00000000c0000000, 0x00000000c3a80000, 0x00000000eab00000)
  object space 59904K, 61% used [0x00000000c0000000,0x00000000c23b5858,0x00000000c3a80000)
 Metaspace       used 61131K, capacity 63086K, committed 64000K, reserved 1103872K
  class space    used 7976K, capacity 8329K, committed 8704K, reserved 1048576K
Event: 5637.842 GC heap after
Heap after GC invocations=22 (full 5):
 PSYoungGen      total 328192K, used 655K [0x00000000eab00000, 0x0000000100000000, 0x0000000100000000)
  eden space 308224K, 0% used [0x00000000eab00000,0x00000000eab00000,0x00000000fd800000)
  from space 19968K, 3% used [0x00000000fd800000,0x00000000fd8a3c40,0x00000000feb80000)
  to   space 20480K, 0% used [0x00000000fec00000,0x00000000fec00000,0x0000000100000000)
 ParOldGen       total 59904K, used 37865K [0x00000000c0000000, 0x00000000c3a80000, 0x00000000eab00000)
  object space 59904K, 63% used [0x00000000c0000000,0x00000000c24fa6c8,0x00000000c3a80000)
 Metaspace       used 61131K, capacity 63086K, committed 64000K, reserved 1103872K
  class space    used 7976K, capacity 8329K, committed 8704K, reserved 1048576K
}
Event: 5637.842 GC heap before
{Heap before GC invocations=23 (full 6):
 PSYoungGen      total 328192K, used 655K [0x00000000eab00000, 0x0000000100000000, 0x0000000100000000)
  eden space 308224K, 0% used [0x00000000eab00000,0x00000000eab00000,0x00000000fd800000)
  from space 19968K, 3% used [0x00000000fd800000,0x00000000fd8a3c40,0x00000000feb80000)
  to   space 20480K, 0% used [0x00000000fec00000,0x00000000fec00000,0x0000000100000000)
 ParOldGen       total 59904K, used 37865K [0x00000000c0000000, 0x00000000c3a80000, 0x00000000eab00000)
  object space 59904K, 63% used [0x00000000c0000000,0x00000000c24fa6c8,0x00000000c3a80000)
 Metaspace       used 61131K, capacity 63086K, committed 64000K, reserved 1103872K
  class space    used 7976K, capacity 8329K, committed 8704K, reserved 1048576K
Event: 5638.250 GC heap after
Heap after GC invocations=23 (full 6):
 PSYoungGen      total 328192K, used 0K [0x00000000eab00000, 0x0000000100000000, 0x0000000100000000)
  eden space 308224K, 0% used [0x00000000eab00000,0x00000000eab00000,0x00000000fd800000)
  from space 19968K, 0% used [0x00000000fd800000,0x00000000fd800000,0x00000000feb80000)
  to   space 20480K, 0% used [0x00000000fec00000,0x00000000fec00000,0x0000000100000000)
 ParOldGen       total 59904K, used 36150K [0x00000000c0000000, 0x00000000c3a80000, 0x00000000eab00000)
  object space 59904K, 60% used [0x00000000c0000000,0x00000000c234daf0,0x00000000c3a80000)
 Metaspace       used 61131K, capacity 63086K, committed 64000K, reserved 1103872K
  class space    used 7976K, capacity 8329K, committed 8704K, reserved 1048576K
}
Event: 7276.872 GC heap before
{Heap before GC invocations=24 (full 6):
 PSYoungGen      total 328192K, used 172959K [0x00000000eab00000, 0x0000000100000000, 0x0000000100000000)
  eden space 308224K, 56% used [0x00000000eab00000,0x00000000f53e7ef8,0x00000000fd800000)
  from space 19968K, 0% used [0x00000000fd800000,0x00000000fd800000,0x00000000feb80000)
  to   space 20480K, 0% used [0x00000000fec00000,0x00000000fec00000,0x0000000100000000)
 ParOldGen       total 59904K, used 36150K [0x00000000c0000000, 0x00000000c3a80000, 0x00000000eab00000)
  object space 59904K, 60% used [0x00000000c0000000,0x00000000c234daf0,0x00000000c3a80000)
 Metaspace       used 61550K, capacity 63720K, committed 64256K, reserved 1105920K
  class space    used 8004K, capacity 8373K, committed 8704K, reserved 1048576K
Event: 7276.879 GC heap after
Heap after GC invocations=24 (full 6):
 PSYoungGen      total 329216K, used 2954K [0x00000000eab00000, 0x0000000100000000, 0x0000000100000000)
  eden space 308736K, 0% used [0x00000000eab00000,0x00000000eab00000,0x00000000fd880000)
  from space 20480K, 14% used [0x00000000fec00000,0x00000000feee2b88,0x0000000100000000)
  to   space 19968K, 0% used [0x00000000fd880000,0x00000000fd880000,0x00000000fec00000)
 ParOldGen       total 59904K, used 36158K [0x00000000c0000000, 0x00000000c3a80000, 0x00000000eab00000)
  object space 59904K, 60% used [0x00000000c0000000,0x00000000c234faf0,0x00000000c3a80000)
 Metaspace       used 61550K, capacity 63720K, committed 64256K, reserved 1105920K
  class space    used 8004K, capacity 8373K, committed 8704K, reserved 1048576K
}
Event: 7276.879 GC heap before
{Heap before GC invocations=25 (full 7):
 PSYoungGen      total 329216K, used 2954K [0x00000000eab00000, 0x0000000100000000, 0x0000000100000000)
  eden space 308736K, 0% used [0x00000000eab00000,0x00000000eab00000,0x00000000fd880000)
  from space 20480K, 14% used [0x00000000fec00000,0x00000000feee2b88,0x0000000100000000)
  to   space 19968K, 0% used [0x00000000fd880000,0x00000000fd880000,0x00000000fec00000)
 ParOldGen       total 59904K, used 36158K [0x00000000c0000000, 0x00000000c3a80000, 0x00000000eab00000)
  object space 59904K, 60% used [0x00000000c0000000,0x00000000c234faf0,0x00000000c3a80000)
 Metaspace       used 61550K, capacity 63720K, committed 64256K, reserved 1105920K
  class space    used 8004K, capacity 8373K, committed 8704K, reserved 1048576K
Event: 7277.181 GC heap after
Heap after GC invocations=25 (full 7):
 PSYoungGen      total 329216K, used 0K [0x00000000eab00000, 0x0000000100000000, 0x0000000100000000)
  eden space 308736K, 0% used [0x00000000eab00000,0x00000000eab00000,0x00000000fd880000)
  from space 20480K, 0% used [0x00000000fec00000,0x00000000fec00000,0x0000000100000000)
  to   space 19968K, 0% used [0x00000000fd880000,0x00000000fd880000,0x00000000fec00000)
 ParOldGen       total 59904K, used 26331K [0x00000000c0000000, 0x00000000c3a80000, 0x00000000eab00000)
  object space 59904K, 43% used [0x00000000c0000000,0x00000000c19b6c70,0x00000000c3a80000)
 Metaspace       used 60689K, capacity 61938K, committed 64256K, reserved 1105920K
  class space    used 7793K, capacity 7971K, committed 8704K, reserved 1048576K
}

